  [1m[35m (0.1ms)[0m  [1m[34mSELECT sqlite_version(*)[0m
  ↳ /Users/lsanchez/.rvm/gems/ruby-2.4.1/gems/rake-12.3.1/lib/rake/task.rb:271
  [1m[35m (1.2ms)[0m  [1m[35mCREATE TABLE "schema_migrations" ("version" varchar NOT NULL PRIMARY KEY)[0m
  ↳ /Users/lsanchez/.rvm/gems/ruby-2.4.1/gems/rake-12.3.1/lib/rake/task.rb:271
  [1m[35m (1.5ms)[0m  [1m[35mCREATE TABLE "ar_internal_metadata" ("key" varchar NOT NULL PRIMARY KEY, "value" varchar, "created_at" datetime NOT NULL, "updated_at" datetime NOT NULL)[0m
  ↳ /Users/lsanchez/.rvm/gems/ruby-2.4.1/gems/rake-12.3.1/lib/rake/task.rb:271
  [1m[35m (0.2ms)[0m  [1m[34mSELECT "schema_migrations"."version" FROM "schema_migrations" ORDER BY "schema_migrations"."version" ASC[0m
  ↳ /Users/lsanchez/.rvm/gems/ruby-2.4.1/gems/rake-12.3.1/lib/rake/task.rb:271
Migrating to CreateStudents (20180823230027)
  [1m[35m (0.1ms)[0m  [1m[36mbegin transaction[0m
  ↳ /Users/lsanchez/.rvm/gems/ruby-2.4.1/gems/rake-12.3.1/lib/rake/task.rb:271
  [1m[35m (0.5ms)[0m  [1m[35mCREATE TABLE "students" ("id" integer PRIMARY KEY AUTOINCREMENT NOT NULL, "name" varchar, "age" integer, "created_at" datetime NOT NULL, "updated_at" datetime NOT NULL)[0m
  ↳ db/migrate/20180823230027_create_students.rb:3
  [1m[36mActiveRecord::SchemaMigration Create (0.2ms)[0m  [1m[32mINSERT INTO "schema_migrations" ("version") VALUES (?)[0m  [["version", "20180823230027"]]
  ↳ /Users/lsanchez/.rvm/gems/ruby-2.4.1/gems/rake-12.3.1/lib/rake/task.rb:271
  [1m[35m (0.8ms)[0m  [1m[36mcommit transaction[0m
  ↳ /Users/lsanchez/.rvm/gems/ruby-2.4.1/gems/rake-12.3.1/lib/rake/task.rb:271
  [1m[36mActiveRecord::InternalMetadata Load (0.3ms)[0m  [1m[34mSELECT  "ar_internal_metadata".* FROM "ar_internal_metadata" WHERE "ar_internal_metadata"."key" = ? LIMIT ?[0m  [["key", "environment"], ["LIMIT", 1]]
  ↳ /Users/lsanchez/.rvm/gems/ruby-2.4.1/gems/rake-12.3.1/lib/rake/task.rb:271
  [1m[35m (0.0ms)[0m  [1m[36mbegin transaction[0m
  ↳ /Users/lsanchez/.rvm/gems/ruby-2.4.1/gems/rake-12.3.1/lib/rake/task.rb:271
  [1m[36mActiveRecord::InternalMetadata Create (0.4ms)[0m  [1m[32mINSERT INTO "ar_internal_metadata" ("key", "value", "created_at", "updated_at") VALUES (?, ?, ?, ?)[0m  [["key", "environment"], ["value", "development"], ["created_at", "2018-08-23 23:01:24.733936"], ["updated_at", "2018-08-23 23:01:24.733936"]]
  ↳ /Users/lsanchez/.rvm/gems/ruby-2.4.1/gems/rake-12.3.1/lib/rake/task.rb:271
  [1m[35m (0.6ms)[0m  [1m[36mcommit transaction[0m
  ↳ /Users/lsanchez/.rvm/gems/ruby-2.4.1/gems/rake-12.3.1/lib/rake/task.rb:271
  [1m[35m (0.3ms)[0m  [1m[34mSELECT "schema_migrations"."version" FROM "schema_migrations" ORDER BY "schema_migrations"."version" ASC[0m
  ↳ /Users/lsanchez/.rvm/gems/ruby-2.4.1/gems/rake-12.3.1/lib/rake/task.rb:271
Started GET "/" for 127.0.0.1 at 2018-08-23 20:02:38 -0300
  [1m[35m (0.3ms)[0m  [1m[34mSELECT "schema_migrations"."version" FROM "schema_migrations" ORDER BY "schema_migrations"."version" ASC[0m
  ↳ /Users/lsanchez/.rvm/gems/ruby-2.4.1/gems/web-console-3.6.2/lib/web_console/middleware.rb:135
Processing by StudentsController#index as HTML
  Rendering students/index.html.erb within layouts/application
  [1m[36mStudent Load (0.4ms)[0m  [1m[34mSELECT "students".* FROM "students"[0m
  ↳ app/views/students/index.html.erb:15
  Rendered students/index.html.erb within layouts/application (4.9ms)
Completed 200 OK in 435ms (Views: 419.9ms | ActiveRecord: 0.7ms)


  [1m[35m (0.1ms)[0m  [1m[36mbegin transaction[0m
  [1m[36mStudent Create (1.3ms)[0m  [1m[32mINSERT INTO "students" ("created_at", "updated_at") VALUES (?, ?)[0m  [["created_at", "2018-08-23 23:04:59.694491"], ["updated_at", "2018-08-23 23:04:59.694491"]]
  [1m[35m (1.9ms)[0m  [1m[36mcommit transaction[0m
  [1m[36mStudent Load (0.2ms)[0m  [1m[34mSELECT  "students".* FROM "students" LIMIT ?[0m  [["LIMIT", 11]]
  [1m[35m (0.2ms)[0m  [1m[36mbegin transaction[0m
  [1m[36mStudent Create (0.5ms)[0m  [1m[32mINSERT INTO "students" ("name", "age", "created_at", "updated_at") VALUES (?, ?, ?, ?)[0m  [["name", "laura"], ["age", 26], ["created_at", "2018-08-23 23:05:47.273663"], ["updated_at", "2018-08-23 23:05:47.273663"]]
  [1m[35m (2.4ms)[0m  [1m[36mcommit transaction[0m
  [1m[36mStudent Load (0.2ms)[0m  [1m[34mSELECT  "students".* FROM "students" LIMIT ?[0m  [["LIMIT", 11]]
  [1m[35m (0.1ms)[0m  [1m[36mbegin transaction[0m
  [1m[36mStudent Create (0.4ms)[0m  [1m[32mINSERT INTO "students" ("name", "age", "created_at", "updated_at") VALUES (?, ?, ?, ?)[0m  [["name", "low"], ["age", 24], ["created_at", "2018-08-23 23:06:24.692442"], ["updated_at", "2018-08-23 23:06:24.692442"]]
  [1m[35m (2.6ms)[0m  [1m[36mcommit transaction[0m
  [1m[36mStudent Load (0.2ms)[0m  [1m[34mSELECT  "students".* FROM "students" LIMIT ?[0m  [["LIMIT", 11]]
Started GET "/" for 127.0.0.1 at 2018-08-23 20:06:47 -0300
Processing by StudentsController#index as HTML
  Rendering students/index.html.erb within layouts/application
  [1m[36mStudent Load (0.2ms)[0m  [1m[34mSELECT "students".* FROM "students"[0m
  ↳ app/views/students/index.html.erb:15
  Rendered students/index.html.erb within layouts/application (19.1ms)
Completed 200 OK in 49ms (Views: 44.6ms | ActiveRecord: 0.8ms)


Started GET "/" for 127.0.0.1 at 2018-08-23 20:08:22 -0300
Processing by StudentsController#index as HTML
  Rendering students/index.html.erb within layouts/application
  [1m[36mStudent Load (0.1ms)[0m  [1m[34mSELECT "students".* FROM "students"[0m
  ↳ app/views/students/index.html.erb:15
  Rendered students/index.html.erb within layouts/application (1.6ms)
Completed 200 OK in 25ms (Views: 23.2ms | ActiveRecord: 0.1ms)


Started GET "/students/new" for 127.0.0.1 at 2018-08-23 20:08:30 -0300
Processing by StudentsController#new as HTML
  Rendering students/new.html.erb within layouts/application
  Rendered students/_form.html.erb (42.1ms)
  Rendered students/new.html.erb within layouts/application (44.7ms)
Completed 200 OK in 68ms (Views: 64.2ms | ActiveRecord: 0.0ms)


Started POST "/students" for 127.0.0.1 at 2018-08-23 20:10:09 -0300
Processing by StudentsController#create as HTML
  Parameters: {"utf8"=>"✓", "authenticity_token"=>"WONS4NK5NV3JiAn5yZ80Lu2+kssACbL/3vt0LMsShPeNol8R1YZHvJjZPRjJzpDoBVDsOae9cYDmPKkcnD2xEg==", "student"=>{"name"=>"tercer", "age"=>"34"}, "commit"=>"Create Student"}
  [1m[35m (0.1ms)[0m  [1m[36mbegin transaction[0m
  ↳ app/controllers/students_controller.rb:30
  [1m[36mStudent Create (1.3ms)[0m  [1m[32mINSERT INTO "students" ("name", "age", "created_at", "updated_at") VALUES (?, ?, ?, ?)[0m  [["name", "tercer"], ["age", 34], ["created_at", "2018-08-23 23:10:09.032174"], ["updated_at", "2018-08-23 23:10:09.032174"]]
  ↳ app/controllers/students_controller.rb:30
  [1m[35m (1.5ms)[0m  [1m[36mcommit transaction[0m
  ↳ app/controllers/students_controller.rb:30
Redirected to http://localhost:3000/students/4
Completed 302 Found in 8ms (ActiveRecord: 2.9ms)


Started GET "/students/4" for 127.0.0.1 at 2018-08-23 20:10:09 -0300
Processing by StudentsController#show as HTML
  Parameters: {"id"=>"4"}
  [1m[36mStudent Load (0.3ms)[0m  [1m[34mSELECT  "students".* FROM "students" WHERE "students"."id" = ? LIMIT ?[0m  [["id", 4], ["LIMIT", 1]]
  ↳ app/controllers/students_controller.rb:67
  Rendering students/show.html.erb within layouts/application
  Rendered students/show.html.erb within layouts/application (1.2ms)
Completed 200 OK in 42ms (Views: 36.0ms | ActiveRecord: 0.3ms)


Started GET "/students" for 127.0.0.1 at 2018-08-23 20:10:11 -0300
Processing by StudentsController#index as HTML
  Rendering students/index.html.erb within layouts/application
  [1m[36mStudent Load (0.5ms)[0m  [1m[34mSELECT "students".* FROM "students"[0m
  ↳ app/views/students/index.html.erb:15
  Rendered students/index.html.erb within layouts/application (2.8ms)
Completed 200 OK in 29ms (Views: 24.2ms | ActiveRecord: 0.5ms)


Started GET "/students" for 127.0.0.1 at 2018-08-23 20:14:20 -0300
Processing by StudentsController#index as HTML
  Rendering students/index.html.erb within layouts/application
  [1m[36mStudent Load (0.1ms)[0m  [1m[34mSELECT "students".* FROM "students"[0m
  ↳ app/views/students/index.html.erb:15
  Rendered students/index.html.erb within layouts/application (2.2ms)
Completed 200 OK in 22ms (Views: 19.6ms | ActiveRecord: 0.1ms)


  [1m[35m (0.7ms)[0m  [1m[34mSELECT "schema_migrations"."version" FROM "schema_migrations" ORDER BY "schema_migrations"."version" ASC[0m
  ↳ /Users/lsanchez/.rvm/gems/ruby-2.4.1/gems/rake-12.3.1/lib/rake/task.rb:271
Migrating to AddStudents (20180823231753)
  [1m[35m (0.1ms)[0m  [1m[36mbegin transaction[0m
  ↳ /Users/lsanchez/.rvm/gems/ruby-2.4.1/gems/rake-12.3.1/lib/rake/task.rb:271
  [1m[35m (0.5ms)[0m  [1m[35mALTER TABLE "student" ADD "email" varchar[0m
  ↳ db/migrate/20180823231753_add_students.rb:3
  [1m[35m (0.1ms)[0m  [1m[31mrollback transaction[0m
  ↳ /Users/lsanchez/.rvm/gems/ruby-2.4.1/gems/rake-12.3.1/lib/rake/task.rb:271
  [1m[35m (0.4ms)[0m  [1m[34mSELECT "schema_migrations"."version" FROM "schema_migrations" ORDER BY "schema_migrations"."version" ASC[0m
  ↳ /Users/lsanchez/.rvm/gems/ruby-2.4.1/gems/rake-12.3.1/lib/rake/task.rb:271
  [1m[36mActiveRecord::InternalMetadata Load (0.5ms)[0m  [1m[34mSELECT  "ar_internal_metadata".* FROM "ar_internal_metadata" WHERE "ar_internal_metadata"."key" = ? LIMIT ?[0m  [["key", "environment"], ["LIMIT", 1]]
  ↳ /Users/lsanchez/.rvm/gems/ruby-2.4.1/gems/rake-12.3.1/lib/rake/task.rb:271
  [1m[35m (0.1ms)[0m  [1m[36mbegin transaction[0m
  ↳ /Users/lsanchez/.rvm/gems/ruby-2.4.1/gems/rake-12.3.1/lib/rake/task.rb:271
  [1m[35m (0.1ms)[0m  [1m[36mcommit transaction[0m
  ↳ /Users/lsanchez/.rvm/gems/ruby-2.4.1/gems/rake-12.3.1/lib/rake/task.rb:271
  [1m[35m (0.1ms)[0m  [1m[34mSELECT "schema_migrations"."version" FROM "schema_migrations" ORDER BY "schema_migrations"."version" ASC[0m
  ↳ /Users/lsanchez/.rvm/gems/ruby-2.4.1/gems/rake-12.3.1/lib/rake/task.rb:271
  [1m[35m (0.6ms)[0m  [1m[34mSELECT "schema_migrations"."version" FROM "schema_migrations" ORDER BY "schema_migrations"."version" ASC[0m
  ↳ /Users/lsanchez/.rvm/gems/ruby-2.4.1/gems/rake-12.3.1/lib/rake/task.rb:271
Migrating to AddEmailToStudents (20180823232136)
  [1m[35m (0.1ms)[0m  [1m[36mbegin transaction[0m
  ↳ /Users/lsanchez/.rvm/gems/ruby-2.4.1/gems/rake-12.3.1/lib/rake/task.rb:271
  [1m[35m (2.0ms)[0m  [1m[35mALTER TABLE "students" ADD "email" varchar[0m
  ↳ db/migrate/20180823232136_add_email_to_students.rb:3
  [1m[36mActiveRecord::SchemaMigration Create (1.3ms)[0m  [1m[32mINSERT INTO "schema_migrations" ("version") VALUES (?)[0m  [["version", "20180823232136"]]
  ↳ /Users/lsanchez/.rvm/gems/ruby-2.4.1/gems/rake-12.3.1/lib/rake/task.rb:271
  [1m[35m (0.9ms)[0m  [1m[36mcommit transaction[0m
  ↳ /Users/lsanchez/.rvm/gems/ruby-2.4.1/gems/rake-12.3.1/lib/rake/task.rb:271
  [1m[36mActiveRecord::InternalMetadata Load (0.1ms)[0m  [1m[34mSELECT  "ar_internal_metadata".* FROM "ar_internal_metadata" WHERE "ar_internal_metadata"."key" = ? LIMIT ?[0m  [["key", "environment"], ["LIMIT", 1]]
  ↳ /Users/lsanchez/.rvm/gems/ruby-2.4.1/gems/rake-12.3.1/lib/rake/task.rb:271
  [1m[35m (0.1ms)[0m  [1m[36mbegin transaction[0m
  ↳ /Users/lsanchez/.rvm/gems/ruby-2.4.1/gems/rake-12.3.1/lib/rake/task.rb:271
  [1m[35m (0.0ms)[0m  [1m[36mcommit transaction[0m
  ↳ /Users/lsanchez/.rvm/gems/ruby-2.4.1/gems/rake-12.3.1/lib/rake/task.rb:271
  [1m[35m (0.1ms)[0m  [1m[34mSELECT "schema_migrations"."version" FROM "schema_migrations" ORDER BY "schema_migrations"."version" ASC[0m
  ↳ /Users/lsanchez/.rvm/gems/ruby-2.4.1/gems/rake-12.3.1/lib/rake/task.rb:271
Started GET "/students" for 127.0.0.1 at 2018-08-23 20:27:32 -0300
  [1m[35m (0.1ms)[0m  [1m[34mSELECT "schema_migrations"."version" FROM "schema_migrations" ORDER BY "schema_migrations"."version" ASC[0m
  ↳ /Users/lsanchez/.rvm/gems/ruby-2.4.1/gems/web-console-3.6.2/lib/web_console/middleware.rb:135
Processing by StudentsController#index as HTML
  Rendering students/index.html.erb within layouts/application
  [1m[36mStudent Load (0.2ms)[0m  [1m[34mSELECT "students".* FROM "students"[0m
  ↳ app/views/students/index.html.erb:16
  Rendered students/index.html.erb within layouts/application (9.1ms)
Completed 200 OK in 213ms (Views: 200.5ms | ActiveRecord: 0.8ms)


Started GET "/students/new" for 127.0.0.1 at 2018-08-23 20:50:58 -0300
Started GET "/students/new" for 127.0.0.1 at 2018-08-23 20:51:09 -0300
Processing by StudentsController#new as HTML
  Rendering students/new.html.erb within layouts/application
  Rendered students/_form.html.erb (23.1ms)
  Rendered students/new.html.erb within layouts/application (26.1ms)
Completed 200 OK in 82ms (Views: 62.9ms | ActiveRecord: 0.7ms)


Processing by StudentsController#new as HTML
  Rendering students/new.html.erb within layouts/application
  Rendered students/_form.html.erb (2.1ms)
  Rendered students/new.html.erb within layouts/application (3.7ms)
Completed 200 OK in 45ms (Views: 36.6ms | ActiveRecord: 0.6ms)


Started POST "/students" for 127.0.0.1 at 2018-08-23 20:51:35 -0300
Processing by StudentsController#create as HTML
  Parameters: {"utf8"=>"✓", "authenticity_token"=>"lrrPiKDZ+d0ndOyicMSrnK+gox5oeiwKNQ+4Hkkb/ntD+8J5p+aLPHYl2ENwlQ9aR07d7M/O73UNyGUuHjTLng==", "student"=>{"name"=>"cuarto", "age"=>"98", "email"=>"-1"}, "commit"=>"Create Student"}
  [1m[35m (0.1ms)[0m  [1m[36mbegin transaction[0m
  ↳ app/controllers/students_controller.rb:30
  [1m[36mStudent Create (0.9ms)[0m  [1m[32mINSERT INTO "students" ("name", "age", "created_at", "updated_at", "email") VALUES (?, ?, ?, ?, ?)[0m  [["name", "cuarto"], ["age", 98], ["created_at", "2018-08-23 23:51:35.091344"], ["updated_at", "2018-08-23 23:51:35.091344"], ["email", "-1"]]
  ↳ app/controllers/students_controller.rb:30
  [1m[35m (1.5ms)[0m  [1m[36mcommit transaction[0m
  ↳ app/controllers/students_controller.rb:30
Redirected to http://localhost:3000/students/5
Completed 302 Found in 10ms (ActiveRecord: 2.6ms)


Started GET "/students/5" for 127.0.0.1 at 2018-08-23 20:51:35 -0300
Processing by StudentsController#show as HTML
  Parameters: {"id"=>"5"}
  [1m[36mStudent Load (0.3ms)[0m  [1m[34mSELECT  "students".* FROM "students" WHERE "students"."id" = ? LIMIT ?[0m  [["id", 5], ["LIMIT", 1]]
  ↳ app/controllers/students_controller.rb:67
  Rendering students/show.html.erb within layouts/application
  Rendered students/show.html.erb within layouts/application (1.0ms)
Completed 200 OK in 37ms (Views: 30.4ms | ActiveRecord: 0.3ms)


Started GET "/students" for 127.0.0.1 at 2018-08-23 20:51:37 -0300
Processing by StudentsController#index as HTML
  Rendering students/index.html.erb within layouts/application
  [1m[36mStudent Load (0.2ms)[0m  [1m[34mSELECT "students".* FROM "students"[0m
  ↳ app/views/students/index.html.erb:16
  Rendered students/index.html.erb within layouts/application (2.8ms)
Completed 200 OK in 28ms (Views: 24.1ms | ActiveRecord: 0.2ms)


Started GET "/pages/landing" for 127.0.0.1 at 2018-08-23 21:02:03 -0300
Processing by PagesController#landing as HTML
  Rendering pages/landing.html.erb within layouts/application
  Rendered pages/landing.html.erb within layouts/application (0.3ms)
Completed 200 OK in 91ms (Views: 85.7ms | ActiveRecord: 0.0ms)


Started GET "/pages/landing" for 127.0.0.1 at 2018-08-23 21:06:34 -0300
Processing by PagesController#landing as HTML
  Rendering pages/landing.html.erb within layouts/application
  Rendered pages/landing.html.erb within layouts/application (0.6ms)
Completed 200 OK in 46ms (Views: 44.1ms | ActiveRecord: 0.0ms)


Started GET "/pages/landing" for 127.0.0.1 at 2018-08-23 21:06:57 -0300
Processing by PagesController#landing as HTML
  Rendering pages/landing.html.erb within layouts/application
  Rendered pages/landing.html.erb within layouts/application (0.7ms)
Completed 200 OK in 40ms (Views: 37.6ms | ActiveRecord: 0.0ms)


Started GET "/pages/landing" for 127.0.0.1 at 2018-08-23 21:07:41 -0300
Processing by PagesController#landing as HTML
  Rendering pages/landing.html.erb within layouts/application
  Rendered pages/landing.html.erb within layouts/application (0.5ms)
Completed 200 OK in 37ms (Views: 32.3ms | ActiveRecord: 0.0ms)


Started GET "/pages/landing" for 127.0.0.1 at 2018-08-23 21:09:48 -0300
Processing by PagesController#landing as HTML
  Rendering pages/landing.html.erb within layouts/application
  [1m[36mStudent Load (0.6ms)[0m  [1m[34mSELECT "students".* FROM "students"[0m
  ↳ app/views/pages/landing.html.erb:15
  Rendered pages/landing.html.erb within layouts/application (8.6ms)
Completed 200 OK in 43ms (Views: 39.5ms | ActiveRecord: 1.1ms)


Started GET "/pages/landing" for 127.0.0.1 at 2018-08-23 21:12:10 -0300
Processing by PagesController#landing as HTML
  Rendering pages/landing.html.erb within layouts/application
  [1m[36mStudent Load (0.2ms)[0m  [1m[34mSELECT "students".* FROM "students"[0m
  ↳ app/views/pages/landing.html.erb:15
  Rendered pages/landing.html.erb within layouts/application (1.5ms)
Completed 200 OK in 39ms (Views: 35.8ms | ActiveRecord: 0.2ms)


Started GET "/pages/landing" for 127.0.0.1 at 2018-08-23 21:13:16 -0300
Processing by PagesController#landing as HTML
  Rendering pages/landing.html.erb within layouts/application
  [1m[36mStudent Load (0.1ms)[0m  [1m[34mSELECT "students".* FROM "students"[0m
  ↳ app/views/pages/landing.html.erb:15
  Rendered pages/landing.html.erb within layouts/application (1.2ms)
Completed 200 OK in 39ms (Views: 36.1ms | ActiveRecord: 0.1ms)


Started GET "/pages/landing" for 127.0.0.1 at 2018-08-23 21:13:39 -0300
Processing by PagesController#landing as HTML
  Rendering pages/landing.html.erb within layouts/application
  [1m[36mStudent Load (0.3ms)[0m  [1m[34mSELECT "students".* FROM "students"[0m
  ↳ app/views/pages/landing.html.erb:15
  Rendered pages/landing.html.erb within layouts/application (1.6ms)
Completed 200 OK in 28ms (Views: 25.4ms | ActiveRecord: 0.3ms)


Started GET "/" for 127.0.0.1 at 2018-08-23 21:13:55 -0300
Processing by StudentsController#index as HTML
  Rendering students/index.html.erb within layouts/application
  [1m[36mStudent Load (0.2ms)[0m  [1m[34mSELECT "students".* FROM "students"[0m
  ↳ app/views/students/index.html.erb:16
  Rendered students/index.html.erb within layouts/application (3.3ms)
Completed 200 OK in 29ms (Views: 25.2ms | ActiveRecord: 0.2ms)


Started GET "/" for 127.0.0.1 at 2018-08-23 21:16:14 -0300
Processing by StudentsController#index as HTML
  Rendering students/index.html.erb within layouts/application
  [1m[36mStudent Load (0.2ms)[0m  [1m[34mSELECT "students".* FROM "students"[0m
  ↳ app/views/students/index.html.erb:16
  Rendered students/index.html.erb within layouts/application (2.8ms)
Completed 200 OK in 39ms (Views: 36.3ms | ActiveRecord: 0.2ms)


Started GET "/" for 127.0.0.1 at 2018-08-23 21:17:13 -0300
Processing by StudentsController#index as HTML
  Rendering students/index.html.erb within layouts/application
  [1m[36mStudent Load (0.2ms)[0m  [1m[34mSELECT "students".* FROM "students"[0m
  ↳ app/views/students/index.html.erb:16
  Rendered students/index.html.erb within layouts/application (2.4ms)
Completed 200 OK in 38ms (Views: 35.5ms | ActiveRecord: 0.2ms)


Started GET "/" for 127.0.0.1 at 2018-08-23 21:19:03 -0300
Processing by StudentsController#index as HTML
  Rendering students/index.html.erb within layouts/application
  [1m[36mStudent Load (0.2ms)[0m  [1m[34mSELECT "students".* FROM "students"[0m
  ↳ app/views/students/index.html.erb:16
  Rendered students/index.html.erb within layouts/application (2.1ms)
Completed 200 OK in 43ms (Views: 40.6ms | ActiveRecord: 0.2ms)


Started GET "/" for 127.0.0.1 at 2018-08-23 21:19:36 -0300
Processing by StudentsController#index as HTML
  Rendering students/index.html.erb within layouts/application
  [1m[36mStudent Load (0.2ms)[0m  [1m[34mSELECT "students".* FROM "students"[0m
  ↳ app/views/students/index.html.erb:16
  Rendered students/index.html.erb within layouts/application (4.2ms)
Completed 200 OK in 41ms (Views: 38.2ms | ActiveRecord: 0.2ms)


Started GET "/" for 127.0.0.1 at 2018-08-23 21:20:39 -0300
Processing by StudentsController#index as HTML
  Rendering students/index.html.erb within layouts/application
  [1m[36mStudent Load (0.1ms)[0m  [1m[34mSELECT "students".* FROM "students"[0m
  ↳ app/views/students/index.html.erb:16
  Rendered students/index.html.erb within layouts/application (1.9ms)
Completed 200 OK in 22ms (Views: 20.3ms | ActiveRecord: 0.1ms)


Started GET "/" for 127.0.0.1 at 2018-08-23 21:20:55 -0300
Processing by StudentsController#index as HTML
  Rendering students/index.html.erb within layouts/application
  [1m[36mStudent Load (0.2ms)[0m  [1m[34mSELECT "students".* FROM "students"[0m
  ↳ app/views/students/index.html.erb:16
  Rendered students/index.html.erb within layouts/application (2.6ms)
Completed 200 OK in 20ms (Views: 18.2ms | ActiveRecord: 0.2ms)


Started GET "/" for 127.0.0.1 at 2018-08-23 21:21:37 -0300
Processing by StudentsController#index as HTML
  Rendering students/index.html.erb within layouts/application
  [1m[36mStudent Load (0.2ms)[0m  [1m[34mSELECT "students".* FROM "students"[0m
  ↳ app/views/students/index.html.erb:16
  Rendered students/index.html.erb within layouts/application (2.1ms)
Completed 200 OK in 25ms (Views: 22.5ms | ActiveRecord: 0.2ms)


Started GET "/" for 127.0.0.1 at 2018-08-23 21:23:22 -0300
Processing by StudentsController#index as HTML
  Rendering students/index.html.erb within layouts/application
  [1m[36mStudent Load (0.1ms)[0m  [1m[34mSELECT "students".* FROM "students"[0m
  ↳ app/views/students/index.html.erb:16
  Rendered students/index.html.erb within layouts/application (2.0ms)
Completed 200 OK in 22ms (Views: 20.3ms | ActiveRecord: 0.1ms)


Started GET "/students" for 127.0.0.1 at 2018-08-23 21:24:57 -0300
Processing by StudentsController#index as HTML
  Rendering students/index.html.erb within layouts/application
  [1m[36mStudent Load (0.1ms)[0m  [1m[34mSELECT "students".* FROM "students"[0m
  ↳ app/views/students/index.html.erb:16
  Rendered students/index.html.erb within layouts/application (1.9ms)
Completed 200 OK in 39ms (Views: 34.5ms | ActiveRecord: 0.1ms)


Started GET "/students" for 127.0.0.1 at 2018-08-23 21:25:32 -0300
Processing by StudentsController#index as HTML
  Rendering students/index.html.erb within layouts/application
  [1m[36mStudent Load (0.2ms)[0m  [1m[34mSELECT "students".* FROM "students"[0m
  ↳ app/views/students/index.html.erb:16
  Rendered students/index.html.erb within layouts/application (2.3ms)
Completed 200 OK in 31ms (Views: 29.5ms | ActiveRecord: 0.2ms)


Started GET "/students" for 127.0.0.1 at 2018-08-23 21:25:45 -0300
Processing by StudentsController#index as HTML
  Rendering students/index.html.erb within layouts/application
  [1m[36mStudent Load (0.2ms)[0m  [1m[34mSELECT "students".* FROM "students"[0m
  ↳ app/views/students/index.html.erb:16
  Rendered students/index.html.erb within layouts/application (1.9ms)
Completed 200 OK in 22ms (Views: 19.2ms | ActiveRecord: 0.2ms)


Started GET "/students/new" for 127.0.0.1 at 2018-08-23 21:26:01 -0300
Processing by StudentsController#new as HTML
  Rendering students/new.html.erb within layouts/application
  Rendered students/_form.html.erb (5.6ms)
  Rendered students/new.html.erb within layouts/application (8.9ms)
Completed 200 OK in 33ms (Views: 29.3ms | ActiveRecord: 0.0ms)


Started GET "/students" for 127.0.0.1 at 2018-08-23 21:30:02 -0300
Processing by StudentsController#index as HTML
  Rendering students/index.html.erb within layouts/application
  [1m[36mStudent Load (0.2ms)[0m  [1m[34mSELECT "students".* FROM "students"[0m
  ↳ app/views/students/index.html.erb:16
  Rendered students/index.html.erb within layouts/application (2.9ms)
Completed 200 OK in 121ms (Views: 118.4ms | ActiveRecord: 0.2ms)


Started GET "/students" for 127.0.0.1 at 2018-08-23 21:30:45 -0300
Processing by StudentsController#index as HTML
  Rendering students/index.html.erb within layouts/application
  [1m[36mStudent Load (0.4ms)[0m  [1m[34mSELECT "students".* FROM "students"[0m
  ↳ app/views/students/index.html.erb:16
  Rendered students/index.html.erb within layouts/application (3.1ms)
Completed 200 OK in 1398ms (Views: 1395.2ms | ActiveRecord: 0.4ms)


Started GET "/students" for 127.0.0.1 at 2018-08-23 21:30:48 -0300
Processing by StudentsController#index as HTML
  Rendering students/index.html.erb within layouts/application
  [1m[36mStudent Load (0.2ms)[0m  [1m[34mSELECT "students".* FROM "students"[0m
  ↳ app/views/students/index.html.erb:16
  Rendered students/index.html.erb within layouts/application (2.2ms)
Completed 200 OK in 22ms (Views: 20.1ms | ActiveRecord: 0.2ms)


Started GET "/students" for 127.0.0.1 at 2018-08-23 21:33:03 -0300
Processing by StudentsController#index as HTML
  Rendering students/index.html.erb within layouts/application
  [1m[36mStudent Load (0.3ms)[0m  [1m[34mSELECT "students".* FROM "students"[0m
  ↳ app/views/students/index.html.erb:16
  Rendered students/index.html.erb within layouts/application (10.3ms)
Completed 200 OK in 65ms (Views: 58.2ms | ActiveRecord: 0.3ms)


Started GET "/students" for 127.0.0.1 at 2018-08-23 21:33:18 -0300
Processing by StudentsController#index as HTML
  Rendering students/index.html.erb within layouts/application
  [1m[36mStudent Load (0.1ms)[0m  [1m[34mSELECT "students".* FROM "students"[0m
  ↳ app/views/students/index.html.erb:16
  Rendered students/index.html.erb within layouts/application (1.9ms)
Completed 200 OK in 21ms (Views: 18.7ms | ActiveRecord: 0.1ms)


Started GET "/students" for 127.0.0.1 at 2018-08-23 21:34:08 -0300
Processing by StudentsController#index as HTML
  Rendering students/index.html.erb within layouts/application
  [1m[36mStudent Load (0.2ms)[0m  [1m[34mSELECT "students".* FROM "students"[0m
  ↳ app/views/students/index.html.erb:16
  Rendered students/index.html.erb within layouts/application (2.3ms)
Completed 200 OK in 40ms (Views: 37.0ms | ActiveRecord: 0.2ms)


Started GET "/students" for 127.0.0.1 at 2018-08-23 21:36:31 -0300
Processing by StudentsController#index as HTML
  Rendering students/index.html.erb within layouts/application
  [1m[36mStudent Load (0.2ms)[0m  [1m[34mSELECT "students".* FROM "students"[0m
  ↳ app/views/students/index.html.erb:16
  Rendered students/index.html.erb within layouts/application (2.9ms)
Completed 200 OK in 60ms (Views: 56.8ms | ActiveRecord: 0.2ms)


Started GET "/students" for 127.0.0.1 at 2018-08-23 21:37:41 -0300
Processing by StudentsController#index as HTML
  Rendering students/index.html.erb within layouts/application
  [1m[36mStudent Load (0.2ms)[0m  [1m[34mSELECT "students".* FROM "students"[0m
  ↳ app/views/students/index.html.erb:16
  Rendered students/index.html.erb within layouts/application (2.9ms)
Completed 200 OK in 89ms (Views: 86.9ms | ActiveRecord: 0.2ms)


Started GET "/students" for 127.0.0.1 at 2018-08-23 21:37:52 -0300
Processing by StudentsController#index as HTML
  Rendering students/index.html.erb within layouts/application
  [1m[36mStudent Load (0.2ms)[0m  [1m[34mSELECT "students".* FROM "students"[0m
  ↳ app/views/students/index.html.erb:16
  Rendered students/index.html.erb within layouts/application (2.7ms)
Completed 200 OK in 27ms (Views: 25.0ms | ActiveRecord: 0.2ms)


Started GET "/students" for 127.0.0.1 at 2018-08-23 21:38:12 -0300
Processing by StudentsController#index as HTML
  Rendering students/index.html.erb within layouts/application
  [1m[36mStudent Load (0.2ms)[0m  [1m[34mSELECT "students".* FROM "students"[0m
  ↳ app/views/students/index.html.erb:16
  Rendered students/index.html.erb within layouts/application (2.7ms)
Completed 200 OK in 23ms (Views: 21.0ms | ActiveRecord: 0.2ms)


Started GET "/students" for 127.0.0.1 at 2018-08-23 21:40:48 -0300
Processing by StudentsController#index as HTML
  Rendering students/index.html.erb within layouts/application
  [1m[36mStudent Load (0.1ms)[0m  [1m[34mSELECT "students".* FROM "students"[0m
  ↳ app/views/students/index.html.erb:16
  Rendered students/index.html.erb within layouts/application (2.0ms)
Completed 200 OK in 38ms (Views: 35.9ms | ActiveRecord: 0.1ms)


Started GET "/students" for 127.0.0.1 at 2018-08-23 21:40:56 -0300
Processing by StudentsController#index as HTML
  Rendering students/index.html.erb within layouts/application
  [1m[36mStudent Load (0.1ms)[0m  [1m[34mSELECT "students".* FROM "students"[0m
  ↳ app/views/students/index.html.erb:16
  Rendered students/index.html.erb within layouts/application (2.0ms)
Completed 200 OK in 21ms (Views: 18.6ms | ActiveRecord: 0.1ms)


Started GET "/students" for 127.0.0.1 at 2018-08-23 21:41:13 -0300
Processing by StudentsController#index as HTML
  Rendering students/index.html.erb within layouts/application
  [1m[36mStudent Load (0.2ms)[0m  [1m[34mSELECT "students".* FROM "students"[0m
  ↳ app/views/students/index.html.erb:16
  Rendered students/index.html.erb within layouts/application (2.3ms)
Completed 200 OK in 32ms (Views: 29.0ms | ActiveRecord: 0.2ms)


Started GET "/students" for 127.0.0.1 at 2018-08-23 21:41:20 -0300
Processing by StudentsController#index as HTML
  Rendering students/index.html.erb within layouts/application
  [1m[36mStudent Load (0.1ms)[0m  [1m[34mSELECT "students".* FROM "students"[0m
  ↳ app/views/students/index.html.erb:16
  Rendered students/index.html.erb within layouts/application (2.1ms)
Completed 200 OK in 29ms (Views: 26.9ms | ActiveRecord: 0.1ms)


Started GET "/students" for 127.0.0.1 at 2018-08-23 21:41:39 -0300
Processing by StudentsController#index as HTML
  Rendering students/index.html.erb within layouts/application
  [1m[36mStudent Load (0.1ms)[0m  [1m[34mSELECT "students".* FROM "students"[0m
  ↳ app/views/students/index.html.erb:16
  Rendered students/index.html.erb within layouts/application (2.0ms)
Completed 200 OK in 30ms (Views: 27.5ms | ActiveRecord: 0.1ms)


Started GET "/students" for 127.0.0.1 at 2018-08-23 21:41:56 -0300
Processing by StudentsController#index as HTML
  Rendering students/index.html.erb within layouts/application
  [1m[36mStudent Load (0.3ms)[0m  [1m[34mSELECT "students".* FROM "students"[0m
  ↳ app/views/students/index.html.erb:16
  Rendered students/index.html.erb within layouts/application (2.4ms)
Completed 200 OK in 33ms (Views: 30.3ms | ActiveRecord: 0.3ms)


Started GET "/students" for 127.0.0.1 at 2018-08-23 21:43:20 -0300
Processing by StudentsController#index as HTML
  Rendering students/index.html.erb within layouts/application
  [1m[36mStudent Load (0.1ms)[0m  [1m[34mSELECT "students".* FROM "students"[0m
  ↳ app/views/students/index.html.erb:16
  Rendered students/index.html.erb within layouts/application (2.1ms)
Completed 200 OK in 44ms (Views: 41.4ms | ActiveRecord: 0.1ms)


Started GET "/students" for 127.0.0.1 at 2018-08-23 21:44:19 -0300
Processing by StudentsController#index as HTML
  Rendering students/index.html.erb within layouts/application
  [1m[36mStudent Load (0.1ms)[0m  [1m[34mSELECT "students".* FROM "students"[0m
  ↳ app/views/students/index.html.erb:16
  Rendered students/index.html.erb within layouts/application (2.1ms)
Completed 200 OK in 21ms (Views: 19.3ms | ActiveRecord: 0.1ms)


Started GET "/students" for 127.0.0.1 at 2018-08-23 21:44:30 -0300
Processing by StudentsController#index as HTML
  Rendering students/index.html.erb within layouts/application
  [1m[36mStudent Load (0.2ms)[0m  [1m[34mSELECT "students".* FROM "students"[0m
  ↳ app/views/students/index.html.erb:16
  Rendered students/index.html.erb within layouts/application (2.1ms)
Completed 200 OK in 27ms (Views: 23.9ms | ActiveRecord: 0.2ms)


Started GET "/students" for 127.0.0.1 at 2018-08-23 21:44:46 -0300
Processing by StudentsController#index as HTML
  Rendering students/index.html.erb within layouts/application
  [1m[36mStudent Load (0.2ms)[0m  [1m[34mSELECT "students".* FROM "students"[0m
  ↳ app/views/students/index.html.erb:16
  Rendered students/index.html.erb within layouts/application (2.3ms)
Completed 200 OK in 20ms (Views: 18.4ms | ActiveRecord: 0.2ms)


Started GET "/students" for 127.0.0.1 at 2018-08-23 21:46:18 -0300
Processing by StudentsController#index as HTML
  Rendering students/index.html.erb within layouts/application
  [1m[36mStudent Load (0.1ms)[0m  [1m[34mSELECT "students".* FROM "students"[0m
  ↳ app/views/students/index.html.erb:16
  Rendered students/index.html.erb within layouts/application (1.9ms)
Completed 200 OK in 35ms (Views: 33.1ms | ActiveRecord: 0.1ms)


Started GET "/students" for 127.0.0.1 at 2018-08-23 21:49:24 -0300
Processing by StudentsController#index as HTML
  Rendering students/index.html.erb within layouts/application
  [1m[36mStudent Load (0.2ms)[0m  [1m[34mSELECT "students".* FROM "students"[0m
  ↳ app/views/students/index.html.erb:16
  Rendered students/index.html.erb within layouts/application (1.9ms)
Completed 200 OK in 35ms (Views: 33.3ms | ActiveRecord: 0.2ms)


Started GET "/students" for 127.0.0.1 at 2018-08-23 21:50:38 -0300
Processing by StudentsController#index as HTML
  Rendering students/index.html.erb within layouts/application
  [1m[36mStudent Load (0.2ms)[0m  [1m[34mSELECT "students".* FROM "students"[0m
  ↳ app/views/students/index.html.erb:18
  Rendered students/index.html.erb within layouts/application (2.6ms)
Completed 200 OK in 36ms (Views: 34.1ms | ActiveRecord: 0.2ms)


Started GET "/students" for 127.0.0.1 at 2018-08-23 21:50:58 -0300
Processing by StudentsController#index as HTML
  Rendering students/index.html.erb within layouts/application
  [1m[36mStudent Load (0.1ms)[0m  [1m[34mSELECT "students".* FROM "students"[0m
  ↳ app/views/students/index.html.erb:18
  Rendered students/index.html.erb within layouts/application (1.9ms)
Completed 200 OK in 32ms (Views: 29.7ms | ActiveRecord: 0.1ms)


Started GET "/students" for 127.0.0.1 at 2018-08-23 21:51:11 -0300
Processing by StudentsController#index as HTML
  Rendering students/index.html.erb within layouts/application
  [1m[36mStudent Load (0.2ms)[0m  [1m[34mSELECT "students".* FROM "students"[0m
  ↳ app/views/students/index.html.erb:16
  Rendered students/index.html.erb within layouts/application (2.3ms)
Completed 200 OK in 32ms (Views: 29.6ms | ActiveRecord: 0.2ms)


Started GET "/students" for 127.0.0.1 at 2018-08-23 21:53:23 -0300
Processing by StudentsController#index as HTML
  Rendering students/index.html.erb within layouts/application
  [1m[36mStudent Load (0.2ms)[0m  [1m[34mSELECT "students".* FROM "students"[0m
  ↳ app/views/students/index.html.erb:16
  Rendered students/index.html.erb within layouts/application (2.5ms)
Completed 200 OK in 33ms (Views: 31.1ms | ActiveRecord: 0.2ms)


Started GET "/students" for 127.0.0.1 at 2018-08-23 21:53:43 -0300
Processing by StudentsController#index as HTML
  Rendering students/index.html.erb within layouts/application
  [1m[36mStudent Load (0.2ms)[0m  [1m[34mSELECT "students".* FROM "students"[0m
  ↳ app/views/students/index.html.erb:16
  Rendered students/index.html.erb within layouts/application (2.4ms)
Completed 200 OK in 32ms (Views: 29.3ms | ActiveRecord: 0.2ms)


Started GET "/students" for 127.0.0.1 at 2018-08-23 21:53:48 -0300
Processing by StudentsController#index as HTML
  Rendering students/index.html.erb within layouts/application
  [1m[36mStudent Load (0.2ms)[0m  [1m[34mSELECT "students".* FROM "students"[0m
  ↳ app/views/students/index.html.erb:16
  Rendered students/index.html.erb within layouts/application (2.5ms)
Completed 200 OK in 29ms (Views: 25.1ms | ActiveRecord: 0.2ms)


Started GET "/students" for 127.0.0.1 at 2018-08-23 21:55:34 -0300
Processing by StudentsController#index as HTML
  Rendering students/index.html.erb within layouts/application
  [1m[36mStudent Load (0.1ms)[0m  [1m[34mSELECT "students".* FROM "students"[0m
  ↳ app/views/students/index.html.erb:16
  Rendered students/index.html.erb within layouts/application (1.9ms)
Completed 200 OK in 96ms (Views: 93.5ms | ActiveRecord: 0.1ms)


Started GET "/students" for 127.0.0.1 at 2018-08-23 21:56:04 -0300
Processing by StudentsController#index as HTML
  Rendering students/index.html.erb within layouts/application
  [1m[36mStudent Load (0.1ms)[0m  [1m[34mSELECT "students".* FROM "students"[0m
  ↳ app/views/students/index.html.erb:16
  Rendered students/index.html.erb within layouts/application (2.0ms)
Completed 200 OK in 23ms (Views: 21.1ms | ActiveRecord: 0.1ms)


Started GET "/students" for 127.0.0.1 at 2018-08-23 21:57:49 -0300
Processing by StudentsController#index as HTML
  Rendering students/index.html.erb within layouts/application
  [1m[36mStudent Load (0.2ms)[0m  [1m[34mSELECT "students".* FROM "students"[0m
  ↳ app/views/students/index.html.erb:16
  Rendered students/index.html.erb within layouts/application (2.6ms)
Completed 200 OK in 33ms (Views: 31.1ms | ActiveRecord: 0.2ms)


Started GET "/students" for 127.0.0.1 at 2018-08-23 21:58:15 -0300
Processing by StudentsController#index as HTML
  Rendering students/index.html.erb within layouts/application
  [1m[36mStudent Load (0.1ms)[0m  [1m[34mSELECT "students".* FROM "students"[0m
  ↳ app/views/students/index.html.erb:16
  Rendered students/index.html.erb within layouts/application (2.2ms)
Completed 200 OK in 23ms (Views: 20.9ms | ActiveRecord: 0.1ms)


Started GET "/students" for 127.0.0.1 at 2018-08-23 21:58:41 -0300
Processing by StudentsController#index as HTML
  Rendering students/index.html.erb within layouts/application
  [1m[36mStudent Load (0.2ms)[0m  [1m[34mSELECT "students".* FROM "students"[0m
  ↳ app/views/students/index.html.erb:16
  Rendered students/index.html.erb within layouts/application (2.1ms)
Completed 200 OK in 29ms (Views: 26.6ms | ActiveRecord: 0.2ms)


Started GET "/students" for 127.0.0.1 at 2018-08-23 22:00:05 -0300
Processing by StudentsController#index as HTML
  Rendering students/index.html.erb within layouts/application
  [1m[36mStudent Load (0.1ms)[0m  [1m[34mSELECT "students".* FROM "students"[0m
  ↳ app/views/students/index.html.erb:16
  Rendered students/index.html.erb within layouts/application (2.0ms)
Completed 200 OK in 30ms (Views: 28.0ms | ActiveRecord: 0.1ms)


Started GET "/students" for 127.0.0.1 at 2018-08-23 22:00:15 -0300
Processing by StudentsController#index as HTML
  Rendering students/index.html.erb within layouts/application
  [1m[36mStudent Load (0.1ms)[0m  [1m[34mSELECT "students".* FROM "students"[0m
  ↳ app/views/students/index.html.erb:16
  Rendered students/index.html.erb within layouts/application (2.0ms)
Completed 200 OK in 21ms (Views: 19.2ms | ActiveRecord: 0.1ms)


Started GET "/students" for 127.0.0.1 at 2018-08-23 22:02:10 -0300
Processing by StudentsController#index as HTML
  Rendering students/index.html.erb within layouts/application
  [1m[36mStudent Load (0.1ms)[0m  [1m[34mSELECT "students".* FROM "students"[0m
  ↳ app/views/students/index.html.erb:16
  Rendered students/index.html.erb within layouts/application (2.1ms)
Completed 200 OK in 33ms (Views: 30.7ms | ActiveRecord: 0.1ms)


